Number of used processors (NPROC): 4.
Number of partitions for one processor (NPART): 4.
Total Physical Memory = 7.63 Gb, Available Physical Memory = 3.00 Gb
Mesh generation started:	15.3.2016	16:28:55
-----------------------------------------------------------------------
Allocating meshes:
	CPU count: 4
	MESH 0:
		Sub-meshes count: 4
-----------------------------------------------------------------------
Current CPU = 0 sec
-----------------------------------------------------------------------
Geometries initialization:

Geometry database loading ...OK
Number of geometries: 1
Geometry(0):
	Fluid..
	1 Body.
	1 Real body.
	Tolerance=3.20197e-006.
	39 Face(s).
		39 of b-spline type.
	190 Triangle(s).
	0 Face(s) that have no ref faces
	31 Plane surface(s).
	8 Cylinder surface(s).
	94 Edge(s).
		94 of b-spline type.
	Geometry reading: 0.003 s.
	31 Reference Face(s).
	96 Reference Triangles.
	GeometryRef reading: 0.001 s.
Last Geometry:
	Solid.
	Making hash and connectivity for geometry 0...
		CBodyGeom:
		Hash size: {34, 19, 21}.
		Mesh size: {34, 19, 21}.
		Hashing triangles...Ok.
		Making triangles connectivity...Ok. (0.001 s).
		Neighbour triangles: 100.00 % (good connect) - 0.00 % (bad connect). Min: 3. Max: 3.
		Done.
		CBodyGeomRef:
		Hashing triangles...Ok.
		Making triangles connectivity...Ok. (0.000 s).
		Neighbour triangles: Min: 1. Max: 2.
		Done.
	0.005 s.
Geometries reading and preparing has taken 0.010 s.

Mapped triangles:
Hashing geometries triangles
	Triangles num=190
	Triangles box={-6.71759e-018  ,0.0508  ,-0.00316667  ,0.0132  ,-0.0079  ,0.0274913  }
		3d-hash size is 57708 bytes
		Making triangles connectivity...Ok. (0.001 s).
		Neighbour triangles: 100.00 % (good connect) - 0.00 % (bad connect). Min: 3. Max: 3.
Hashing peculiar surfaces triangles
	Triangles num=2
	Triangles box={0.0348  ,0.05  ,0.000811035  ,0.0124  ,-0.0078  ,-0.0078  }
		3d-hash size is 54312 bytes
Mapped triangles processed in 0.006 s.
-----------------------------------------------------------------------

Current CPU = 0 sec
Flow Simulation 2015  x64 / 3247 / MESHER ver. efd_14_2.3135_29.04.2015 

Project: C:\Users\equilibrium\Desktop\leapfrog-creatrhs-fan-duct\sld\1\1.xmlconfig
Computer name:	EQUWINDOZE
Operating system:	 (Build 9200)

SOLIDWORKS 2015 SP5.0

-----------------------------------------------------------------------
Mesh dimensions:
				I[0 ]=34
				I[1 ]=19
				I[2 ]=21
Solver refinement level	I[47]=0

Comp. domain size:
				a[0  ]=-0.111318
				a[1  ]=0.162318
				a[2  ]=-0.0630214
				a[3  ]=0.0786503
				a[4  ]=-0.0203334
				a[5  ]=0.13881
Wall thickness		a[231]=0
Gap size			a[232]=1

Fluid calculated			1
Solid calculated			0
-----------------------------------------------------------------------
MESH: distribute base bricks among sub-meshes...
	Base bricks count               13566
	Sub-meshes  count               4
	Base bricks count per sub-mesh  3391 (+2)
	Sub-mesh 0: 3391 base brick(s), range [0, 8]-[0, 18]-[0, 20]
	Sub-mesh 1: 3391 base brick(s), range [8, 16]-[0, 18]-[0, 20]
	Sub-mesh 2: 3391 base brick(s), range [16, 25]-[0, 18]-[0, 20]
	Sub-mesh 3: 3393 base brick(s), range [25, 33]-[0, 18]-[0, 20]
-----------------------------------------------------------------------
-----------------------------------------------------------------------
MESH: collecting ghosts in sub-meshes...
	Sub-mesh 0:
		Total  brick(s) 3790
		Native brick(s) 3391
		Inner  brick(s) 2992
		Outer  brick(s) 399
		Ghost  brick(s) 399
	Sub-mesh 1:
		Total  brick(s) 4189
		Native brick(s) 3391
		Inner  brick(s) 2593
		Outer  brick(s) 798
		Ghost  brick(s) 798
	Sub-mesh 2:
		Total  brick(s) 4189
		Native brick(s) 3391
		Inner  brick(s) 2593
		Outer  brick(s) 798
		Ghost  brick(s) 798
	Sub-mesh 3:
		Total  brick(s) 3792
		Native brick(s) 3393
		Inner  brick(s) 2994
		Outer  brick(s) 399
		Ghost  brick(s) 399
	Total brick(s) 13566
-----------------------------------------------------------------------
Setting regions...OK (0.008 s)
Base mesh info------------------
	2D flag  =0
	Period   =[0, 0, 0]
	Nx=34
		x[0]=-0.111318
		x[1]=-0.100345
		x[2]=-0.0898335
		x[3]=-0.0797607
		x[4]=-0.0701082
		x[5]=-0.0608587
		x[6]=-0.0519953
		x[7]=-0.0435019
		x[8]=-0.0353631
		x[9]=-0.0275639
		x[10]=-0.0200904
		x[11]=-0.0129288
		x[12]=-0.00606612
		x[13]=0.000510065
		x[14]=0.00708634
		x[15]=0.0134212
		x[16]=0.0195235
		x[17]=0.0254018
		x[18]=0.0312803
		x[19]=0.0373827
		x[20]=0.0437177
		x[21]=0.0502941
		x[22]=0.0568703
		x[23]=0.063735
		x[24]=0.0709007
		x[25]=0.0783805
		x[26]=0.0861883
		x[27]=0.0943385
		x[28]=0.102846
		x[29]=0.111726
		x[30]=0.120996
		x[31]=0.130672
		x[32]=0.140773
		x[33]=0.151316
		x[34]=0.162318
	Ny=19
		y[0]=-0.0630214
		y[1]=-0.0546126
		y[2]=-0.0467036
		y[3]=-0.0392626
		y[4]=-0.0322617
		y[5]=-0.0256751
		y[6]=-0.0194781
		y[7]=-0.0136478
		y[8]=-0.00816243
		y[9]=-0.0030016
		y[10]=0.00501887
		y[11]=0.0130386
		y[12]=0.0210583
		y[13]=0.0291293
		y[14]=0.037252
		y[15]=0.0454268
		y[16]=0.0536539
		y[17]=0.0619336
		y[18]=0.0702664
		y[19]=0.0786503
	Nz=21
		z[0]=-0.0203334
		z[1]=-0.0146076
		z[2]=-0.00754446
		z[3]=-0.000481598
		z[4]=0.00520996
		z[5]=0.00979673
		z[6]=0.0143837
		z[7]=0.0200759
		z[8]=0.0271391
		z[9]=0.0342019
		z[10]=0.0414907
		z[11]=0.0490125
		z[12]=0.0567748
		z[13]=0.0647853
		z[14]=0.0730519
		z[15]=0.0815829
		z[16]=0.0903866
		z[17]=0.0994719
		z[18]=0.108848
		z[19]=0.118523
		z[20]=0.128508
		z[21]=0.13881
End of base mesh info---------
Input_mesh_settings--------------------------------
Settings 0----------------
	Scope: GLOBAL
	Type:	------MESHER_SETTINGS----------
	RefAllCells           =0
	RefFluidCells         =0
	RefPartCells          =0
	RefSolidCells         =0
	l_SSFR(Capture crit)  =1
	l_curv(Curvature crit)=0
	l_tol(Tolerance crit) =1
	  k_tol               =0.00289724
	UseChannelRef         =1
	  l_NCR               =2
	  N_gap               =5
	  Use d_NCR_min       =0
	  Use d_NCR_max       =0
	--END_OF_MESHER_SETTINGS-------
End of input mesh settings-------------------------

-----------------------------------------------------------------------
Building geometries:
Building geometry Fluid.0.(0)...

-----------------------------------------------------------------------
Refining by triangulation...
Refinement input: 13566 bricks
Setting regions...OK (0.005 s)
Setting regions...OK (0.004 s)
Refinement result: 14357 bricks (0.031 s)
Refinement input: 14357 bricks
Refinement result: 14357 bricks (0.005 s)
Collecting and processing rays...OK (0.071 s)
Capturing...OK (0.007 s)
Refining by triangulation takes 0.115 s
-----------------------------------------------------------------------

-----------------------------------------------------------------------
Refining peculiar surfaces...
Refinement input: 14357 bricks
Setting regions...OK (0.004 s)
Refinement result: 14399 bricks (0.011 s)
1 surfaces refined
Refining peculiar surfaces takes 0.016 s
-----------------------------------------------------------------------
Collecting and processing rays...OK (0.021 s)
Capturing...OK (0.001 s)
Collecting and processing rays...OK (0.019 s)
Capturing...OK (0.002 s)
Collecting and processing rays...OK (0.019 s)
Capturing...OK (0.001 s)

-----------------------------------------------------------------------
Base mesh 1 Refining...
Refinement input: 14399 bricks
Refinement result: 14399 bricks (0.005 s)
Collecting and processing rays...OK (0.016 s)
Capturing...OK (0.001 s)
-----------------------------------------------------------------------
Refining channels...
FYI: CNarrowChannelRefiner::RefineChannels_PRLL: m_submesh_count=4
Refinement input: 14399 bricks
Setting regions...OK (0.004 s)
Refinement result: 14504 bricks (0.013 s)
Collecting and processing rays...OK (0.017 s)
Capturing...OK (0.001 s)
FYI: m_iteration_count = 0
FYI: level1 statistics:
     level1_cnt_plus[1]=120;		level1_cnt_minus[1]=0
     level1_cnt_plus[2]=0;		level1_cnt_minus[2]=0
     level1_cnt_plus[3]=0;		level1_cnt_minus[3]=0
     level1_cnt_plus[4]=0;		level1_cnt_minus[4]=0
     level1_cnt_plus[5]=0;		level1_cnt_minus[5]=0
     level1_cnt_plus[6]=0;		level1_cnt_minus[6]=0
     level1_cnt_plus[7]=0;		level1_cnt_minus[7]=0
     level1_cnt_plus[8]=0;		level1_cnt_minus[8]=0
     level1_cnt_plus[9]=0;		level1_cnt_minus[9]=0
FYI: m_iteration_count = 1
FYI: level1 statistics:
     level1_cnt_plus[1]=120;		level1_cnt_minus[1]=0
     level1_cnt_plus[2]=0;		level1_cnt_minus[2]=0
     level1_cnt_plus[3]=0;		level1_cnt_minus[3]=0
     level1_cnt_plus[4]=0;		level1_cnt_minus[4]=0
     level1_cnt_plus[5]=0;		level1_cnt_minus[5]=0
     level1_cnt_plus[6]=0;		level1_cnt_minus[6]=0
     level1_cnt_plus[7]=0;		level1_cnt_minus[7]=0
     level1_cnt_plus[8]=0;		level1_cnt_minus[8]=0
     level1_cnt_plus[9]=0;		level1_cnt_minus[9]=0
Refinement input: 14504 bricks
Setting regions...OK (0.010 s)
	Re-balancing...
	Send and create bricks on destination sub meshes...
	Collecting ghosts...
	Balancing finished.
Refinement result: 16394 bricks (0.036 s)
Collecting and processing rays...OK (0.029 s)
Capturing...OK (0.005 s)
FYI: m_iteration_count = 2
FYI: level1 statistics:
     level1_cnt_plus[1]=1506;		level1_cnt_minus[1]=0
     level1_cnt_plus[2]=688;		level1_cnt_minus[2]=0
     level1_cnt_plus[3]=0;		level1_cnt_minus[3]=0
     level1_cnt_plus[4]=0;		level1_cnt_minus[4]=0
     level1_cnt_plus[5]=0;		level1_cnt_minus[5]=0
     level1_cnt_plus[6]=0;		level1_cnt_minus[6]=0
     level1_cnt_plus[7]=0;		level1_cnt_minus[7]=0
     level1_cnt_plus[8]=0;		level1_cnt_minus[8]=0
     level1_cnt_plus[9]=0;		level1_cnt_minus[9]=0
Refinement input: 16394 bricks
Setting regions...OK (0.006 s)
Refinement result: 16415 bricks (0.017 s)
Collecting and processing rays...OK (0.017 s)
Capturing...OK (0.001 s)
FYI: m_iteration_count = 3
FYI: level1 statistics:
     level1_cnt_plus[1]=1530;		level1_cnt_minus[1]=0
     level1_cnt_plus[2]=688;		level1_cnt_minus[2]=0
     level1_cnt_plus[3]=0;		level1_cnt_minus[3]=0
     level1_cnt_plus[4]=0;		level1_cnt_minus[4]=0
     level1_cnt_plus[5]=0;		level1_cnt_minus[5]=0
     level1_cnt_plus[6]=0;		level1_cnt_minus[6]=0
     level1_cnt_plus[7]=0;		level1_cnt_minus[7]=0
     level1_cnt_plus[8]=0;		level1_cnt_minus[8]=0
     level1_cnt_plus[9]=0;		level1_cnt_minus[9]=0
FYI: m_iteration_count = 4
FYI: level1 statistics:
     level1_cnt_plus[1]=1530;		level1_cnt_minus[1]=0
     level1_cnt_plus[2]=688;		level1_cnt_minus[2]=0
     level1_cnt_plus[3]=0;		level1_cnt_minus[3]=0
     level1_cnt_plus[4]=0;		level1_cnt_minus[4]=0
     level1_cnt_plus[5]=0;		level1_cnt_minus[5]=0
     level1_cnt_plus[6]=0;		level1_cnt_minus[6]=0
     level1_cnt_plus[7]=0;		level1_cnt_minus[7]=0
     level1_cnt_plus[8]=0;		level1_cnt_minus[8]=0
     level1_cnt_plus[9]=0;		level1_cnt_minus[9]=0
FYI: level1 statistics:
     level1_cnt_plus[1]=1530;		level1_cnt_minus[1]=0
     level1_cnt_plus[2]=688;		level1_cnt_minus[2]=0
     level1_cnt_plus[3]=0;		level1_cnt_minus[3]=0
     level1_cnt_plus[4]=0;		level1_cnt_minus[4]=0
     level1_cnt_plus[5]=0;		level1_cnt_minus[5]=0
     level1_cnt_plus[6]=0;		level1_cnt_minus[6]=0
     level1_cnt_plus[7]=0;		level1_cnt_minus[7]=0
     level1_cnt_plus[8]=0;		level1_cnt_minus[8]=0
     level1_cnt_plus[9]=0;		level1_cnt_minus[9]=0
	CNarrowChannelRefiner::ChannelsResolution            function_total                0      = 0.267269 sec

-----------------------------------------------------------------------
U-shapes refinement...
Refinement input: 16415 bricks
Refinement result: 16415 bricks (0.012 s)
Collecting and processing rays...OK (0.018 s)
Capturing...OK (0.002 s)
-----------------------------------------------------------------------
Building geometry takes 0.525 s
Geometry Fluid.0.
Total		16415
Partial	965
Fluid		15450
Solid		0
Bad		59

/-Ray Intersection---------------/ Time	0.006 s
Calls			2980
CorrectRay Calls	0


Building geometries takes 0.527 s
-----------------------------------------------------------------------

-----------------------------------------------------------------------
PostBuilding geometries:
PostBuilding geometries takes 0.002 s
-----------------------------------------------------------------------
Defect ray count	0
FYI: CNarrowChannelRefiner::RedistributeLevel1_step_1: is finished
FYI: level1 statistics:
     level1_cnt_plus[1]=466;		level1_cnt_minus[1]=0
     level1_cnt_plus[2]=1752;		level1_cnt_minus[2]=0
     level1_cnt_plus[3]=0;		level1_cnt_minus[3]=0
     level1_cnt_plus[4]=0;		level1_cnt_minus[4]=0
     level1_cnt_plus[5]=0;		level1_cnt_minus[5]=0
     level1_cnt_plus[6]=0;		level1_cnt_minus[6]=0
     level1_cnt_plus[7]=0;		level1_cnt_minus[7]=0
     level1_cnt_plus[8]=0;		level1_cnt_minus[8]=0
     level1_cnt_plus[9]=0;		level1_cnt_minus[9]=0
FYI: CNarrowChannelRefiner::RedistributeLevel1_step_2: is started
FYI: CNarrowChannelRefiner::RedistributeLevel1_step_2: is finished
FYI: level1 statistics:
     level1_cnt_plus[1]=474;		level1_cnt_minus[1]=0
     level1_cnt_plus[2]=1811;		level1_cnt_minus[2]=0
     level1_cnt_plus[3]=0;		level1_cnt_minus[3]=0
     level1_cnt_plus[4]=0;		level1_cnt_minus[4]=0
     level1_cnt_plus[5]=0;		level1_cnt_minus[5]=0
     level1_cnt_plus[6]=0;		level1_cnt_minus[6]=0
     level1_cnt_plus[7]=0;		level1_cnt_minus[7]=0
     level1_cnt_plus[8]=0;		level1_cnt_minus[8]=0
     level1_cnt_plus[9]=0;		level1_cnt_minus[9]=0
FYI: CNarrowChannelRefiner::RedistributeLevel1_step_3: is started
FYI: CNarrowChannelRefiner::RedistributeLevel1_step_3: is finished
RedistributeLevel1 takes:
	CNarrowChannelRefiner::RedistributeLevel1            function_total                0      = 0.0714273 sec
FYI: level1 statistics:
     level1_cnt_plus[1]=474;		level1_cnt_minus[1]=566
     level1_cnt_plus[2]=1811;		level1_cnt_minus[2]=139
     level1_cnt_plus[3]=0;		level1_cnt_minus[3]=0
     level1_cnt_plus[4]=0;		level1_cnt_minus[4]=0
     level1_cnt_plus[5]=0;		level1_cnt_minus[5]=0
     level1_cnt_plus[6]=0;		level1_cnt_minus[6]=0
     level1_cnt_plus[7]=0;		level1_cnt_minus[7]=0
     level1_cnt_plus[8]=0;		level1_cnt_minus[8]=0
     level1_cnt_plus[9]=0;		level1_cnt_minus[9]=0
-----------------------------------------------------------------------
BCF-Builder Iteration: 0
Memory Working Set Current = 18.36 Mb, Memory Working Set Peak = 19.63 Mb
Loading geometries triangulation & x-stacks...OK
	Sub-mesh 0:
		Total  brick(s) 4497
		Native brick(s) 4098
		Inner  brick(s) 3699
		Outer  brick(s) 399
		Ghost  brick(s) 399
	Sub-mesh 1:
		Total  brick(s) 5072
		Native brick(s) 4112
		Inner  brick(s) 3186
		Outer  brick(s) 926
		Ghost  brick(s) 960
	Sub-mesh 2:
		Total  brick(s) 5031
		Native brick(s) 4105
		Inner  brick(s) 3145
		Outer  brick(s) 960
		Ghost  brick(s) 926
	Sub-mesh 3:
		Total  brick(s) 4499
		Native brick(s) 4100
		Inner  brick(s) 3701
		Outer  brick(s) 399
		Ghost  brick(s) 399
	Total brick(s) 16415

-----------------------------------------------------------------------
MSH (Real Geometry) format constructor:
Getting submesh brick sets...OK (0.002 s)
Level 2
	Inner time 0.155 s
	Outer Time 0.048 s
	Level Time 0.204 s
Level 1
	Inner time 0.036 s
	Outer Time 0.025 s
	Level Time 0.061 s
Level 0
	Inner time 0.029 s
	Outer Time 0.017 s
	Level Time 0.047 s

Brick parser time info:
	0.670 s - time_Run
		0.024 s - time_ConstructPoints
			0.016 s - time_ConstructPointsAddFind2
		0.024 s - time_ConstructPointsAndConnectsFromNb
		0.011 s - time_AddRibConnects
		0.078 s - time_ConstructBrickFacets
			0.034 s - time_CalculateQpoints
				0.006 s - time_AddFacetPoint_GetFacesQpoint
					0.000 s - time_GetFacesQpoint_UShaped
						0.000 s - time_GetFacesQpoint2
					0.000 s - time_GetFacesQpoint_AddEdgesToList
					0.005 s - time_Edge_GetClosestPointOn
					0.003 s - time_Edge_NewtonMethod
					0.000 s - time_GetFacesQpoint_ManyFinds
				0.027 s - time_AddFacetPoint_AddQPoint
					0.024 s - time_PointReverseEvaluate
				0.000 s - time_AddFacetPoint_AddFind2
		0.000 s - time_RemoveOddConnects
		0.015 s - time_TestConnectivity
		0.002 s - time_ValidateXeps
		0.022 s - time_ConstructFaceAs
		0.002 s - time_ConstructCvs
		0.002 s - time_ConstructFaceWs
		0.011 s - time_RealGeomAddQPoints
		0.011 s - time_RealGeomAddNewFaces
		0.000 s - time_RealGeomInitOppositeGeomFaceInd
		0.003 s - time_RealGeomApproxCurveFaces
		0.000 s - time_Enum1
		0.000 s - time_Enum2
		0.000 s - time_RealGeomCheckInvalidConnects
		0.359 s - time_RealGeomParameters
			0.256 s - time_CalculateParametersOfCv
			0.096 s - time_CalculateParametersOfFace
				0.077 s - time_CalculateRR
				0.017 s - time_CalculateRefFaceData
				0.001 s - time_CalculateLambdaProjection
			0.007 s - time_SetFacesOrientation
Result:
	Bricks number:                        16415

	Memory usage:                         0.957 MB
	Memory usage (per brick):             0.060 KB
	Construction time:                    0.344 s

	Topology features:
	------------------
	- Successfully captured bricks        100.00 % (16415)
	- Normally captured bricks              0.00 % (0)
	- Badly captured bricks                 0.00 % (0)
	- Ribs corrected bricks                 0.00 % (0)
	- Points with geom-info (bricks)        0.00 % (0)
	- Points with closest-info (bricks)     0.00 % (0)
	- Triangulated by center (bricks)       0.00 % (0)
	- Facet w-faces mergings (bricks)       0.00 % (0)
	- To refine (bricks)                    0.00 % (0)

Memory Working Set Current = 21.70 Mb, Memory Working Set Peak = 30.71 Mb
-----------------------------------------------------------------------
-----------------------------------------------------------------------
MSH --> BCF format (Iteration 0)...
BCF collector...
	(0) Bcf collect time 0.047 s (4497 avs, 0 fws)
	(3) Bcf collect time 0.052 s (4499 avs, 0 fws)
	(1) Bcf collect time 0.099 s (5912 avs, 1172 fws)
	(2) Bcf collect time 0.133 s (6446 avs, 1927 fws)
	(3) Remove defect cvs time 0.003 s
	(0) Remove defect cvs time 0.003 s
	(2) Remove defect cvs time 0.004 s
	(1) Remove defect cvs time 0.004 s
Defect subdomain detector...
		1 subdomain(s) of gi=0 (real bodies = 1).
			Subdomain 0: 17103 av
		Get real subdoms time 0.000 s
		Mark defect subdomains by closed av...
		Mark by closed av time 0.001 s
		Mark defect subdomains by real bodies...
		0 defect subdomain(s) of gi=0.
	(0) Remove defect subdoms time 0.005 s
	(1) Remove defect subdoms time 0.005 s
	(2) Remove defect subdoms time 0.005 s
	(3) Remove defect subdoms time 0.005 s
Sub-mesh 0. NB-faces collector & conservator...
		Total                    0
		For bb-faces             0
Sub-mesh 1. NB-faces collector & conservator...
		Total                    2
		For bb-faces             0
Sub-mesh 2. NB-faces collector & conservator...
		Total                    0
		For bb-faces             0
Sub-mesh 3. NB-faces collector & conservator...
		Total                    0
		For bb-faces             0
	(3) Bcf calc time 0.003 s
	(0) Bcf calc time 0.004 s
	(1) Bcf calc time 0.009 s
	(2) Bcf calc time 0.013 s
Sub-mesh 0. FACE_W optimizer...
		Before optimization      1728
		        fs               0
		        ff               0
		        ss               0
		After optimization       1728
		        fs               0
		        ff               0
		        ss               0
Sub-mesh 1. FACE_W optimizer...
		Before optimization      3257
		        fs               1172
		        ff               0
		        ss               0
		After optimization       3257
		        fs               1172
		        ff               0
		        ss               0
Sub-mesh 2. FACE_W optimizer...
		Before optimization      3677
		        fs               1927
		        ff               0
		        ss               0
		After optimization       3677
		        fs               1927
		        ff               0
		        ss               0
Sub-mesh 3. FACE_W optimizer...
		Before optimization      1728
		        fs               0
		        ff               0
		        ss               0
		After optimization       1728
		        fs               0
		        ff               0
		        ss               0
-----------------------------------------------------------------------
-----------------------------------------------------------------------
Merging BCF...
Merging bricks trees...OK (0.02 s)
Merging av data...OK (0.01 s)
Merging a-faces data (fluid)...
	New a-face count   49502
	Bound a-face count 1459 (2.95 %)
Merging a-faces data takes 0.01 s
Merging a-faces data (solid)...
	New a-face count   3116
	Bound a-face count 70 (2.25 %)
Merging a-faces data takes 0.00 s
Merging w-faces data...
	New w-face count   6319
	Bound w-face count 0 (0.00 %)
	Need fw-nb         1492 (23.61 %)
Merging w-faces data takes 0.01 s
Merging BCF takes (0.06 s)
-----------------------------------------------------------------------

-----------------------------------------------------------------------
Geometrical diagonal nb-faces collector (cpu_num=4)...
	Time=0.026s.
-----------------------------------------------------------------------
Fluid Subdom Constructor: 1 subdom(s).
	Remove nb-fw from diff subdomains (fs)...
		Diff subdomains cases         0

-----------------------------------------------------------------------
BCF CHECKSUM DATA (Mesh 0):

FACE_A Area Sum:   G.Fluid        2.3265757948375247
FACE_A Area Sum:   G.Solid        0.0030330121303857
FACE_W Area Sum:                  0.2145491130725191
FACE_W Nb   Sum:                  50324
FACE_W min curvatures sum:        -0.00000004
FACE_W max curvatures sum:        1425675.78125009
AV Max Disbalance: G.Fluid        5.51322e-008 (cid=7361, avid=8001)
AV Max Disbalance: G.Solid        2.96849e-011 (cid=5209, avid=17852)
-----------------------------------------------------------------------


-----------------------------------------------------------------------
MESHER TOPOLOGY DATA (Mesh 0):

BRICKS: Total                 16415
BRICKS: 1-CV                  15068
BRICKS: 2-CV                  665
BRICKS: 3-CV                  673
BRICKS: 4-CV                  9
BRICKS: Bad                   0

AV:     G.Total               18453
AV:     G.Fluid               17103
AV:     G.Solid               1350

AV:     G.Fluid Thin Profile    0.02 % (3)
AV:     G.Solid Thin Profile   50.30 % (679)

AV:     G.Fluid Thin For Mega   0.02 % (3)
AV:     G.Solid Thin For Mega  38.81 % (524)

AV:     G.Fluid Non-Convex      2.05 % (350)
AV:     G.Solid Non-Convex     18.22 % (246)

FACE_A: G.Fluid          (af) 49502 (partially opened 4169)
FACE_A: G.Solid          (as) 3116 (partially opened 2936)

FACE_W: G.Total                 6319        Brick/Bound
FACE_W: G.Fluid/Solid    (fs_g) 2801        0           
FACE_W: G.Fluid/Fluid    (ff_g) 0           0           
FACE_W: G.Solid/Solid    (ss_g) 0           0           
FACE_W: G.Fluid/External (fe_g) 3518
FACE_W: G.Solid/External (se_g) 0

AV max fa count:                15
AV max fw count:                12
AV max fw poly count:           12

MEMORY: Total                   5.793 MB
MEMORY: Per Brick               0.361 KB
-----------------------------------------------------------------------

-----------------------------------------------------------------------
Mega-cv constructor for fluid...
	 3 av's is treated as thin
Relative size generator (threshold = 0.05)...OK
	 129 mega-cv's generated
	 2 mega-cv's removed
Convert clusters:
	 127 mega-cv's total
-----------------------------------------------------------------------
Mixing plane rotation regions: NO.
Sliding mesh rotation regions: NO.
Fluid/fluid faces: NO.
Current CPU = 1 sec

Nx=34
Ny=19
Nz=21
Max_RL=2
12. Saving initial mesh in: C:\Users\equilibrium\Desktop\leapfrog-creatrhs-fan-duct\sld\1\1.fld .
Storing results...
Estimated CPT size=2.339 MB.
OK
Memory Working Set Current = 36.57 Mb, Memory Working Set Peak = 36.57 Mb
Cleaning memory...
Free Geometry DB takes 0.002 s
Copying... OK

------------------------------------------------------------------------------------------------------------
CPU report:
Function                                             CPU           descriptor                    nproc     
------------------------------------------------------------------------------------------------------------
GetGeometryFromSW                                    0.022 sec   function_total               
GetGeometryFromSW                                    0.004 sec   InitGeometryTriangles        
CMesh::PrepareMappedTriangles                        0.005 sec   function_total               
SwapGeometries                                       0.000 sec   function_total               
CMesh::PreBuild                                      0.015 sec   function_total               
SetBrickRegion                                       0.044 sec   function_total               
CMesh::Build                                         0.531 sec   function_total               
CMesh::BuildGeometry                                 0.526 sec   function_total               
ActivateAllCellsParameters                           0.004 sec   function_total               
RefineByTriangles                                    0.115 sec   function_total               
CaptureRefined                                       0.249 sec   function_total               
GetMultiRaysIntersections                            0.009 sec   full                         
CRayCollector::CorrectRays2                          0.191 sec   full                         
CRayCollector::CorrectRays2                          0.093 sec   collect_undefined            
CRayCollector::CorrectRays2                          0.088 sec   stage_2                      
RefinePeculiarSurfaces                               0.038 sec   function_total               
CNarrowChannelRefiner::ChannelsResolution            0.267 sec   function_total               
CNarrowChannelRefiner::RefineChannels_PRLL           0.263 sec   function_total               
CNarrowChannelRefiner::GetMainNormals                0.014 sec   function_total               
CNarrowChannelRefiner::GetMainNormals                0.034 sec   function_total               
CNarrowChannelRefiner::facade_bricks_of_brick_dirv   0.000 sec   function_total               
CNarrowChannelRefiner::facade_bricks_of_brick_dirv   0.022 sec   function_total               
CNarrowChannelRefiner::facade_bricks_of_brick_dirv   0.052 sec   function_total               
CNarrowChannelRefiner::facade_bricks_of_brick_dirv   0.002 sec   function_total               
CNarrowChannelRefiner::next_brick_on_ray             0.000 sec   function_total               
CNarrowChannelRefiner::next_brick_on_ray             0.020 sec   function_total               
CNarrowChannelRefiner::next_brick_on_ray             0.048 sec   function_total               
CNarrowChannelRefiner::next_brick_on_ray             0.001 sec   function_total               
CNarrowChannelRefiner::RefineChannels_PRLL           0.137 sec   NCR_execute_refinement       
CNarrowChannelRefiner::RedistributeLevel1            0.074 sec   function_total               
CTPBuilder::build_bcf                                0.668 sec   function_total               
CTPBuilder::bcf_builder                              0.632 sec   function_total               
LoadTrianglesAndXSL                                  0.000 sec   function_total               
CTPBuilder::collect_msh_format                       0.346 sec   function_total               
CTPBuilder::Run                                      0.157 sec   bcf_collect                  
CTPBuilder::Run                                      0.125 sec   bcf_merge                    
CTPBuilder::build_bcf                                0.033 sec   collect_mega_cv              
CTPBuilder::build_bcf                                0.000 sec   convert_to_mmm               
Store_Res_2                                          0.132 sec   function_total               
Freemem_CPT                                          0.026 sec   function_total               
------------------------------------------------------------------------------------------------------------

Mesh generation normally finished at	15.3.2016	16:28:56
Mesher CPU = 1 sec
Mesher is finished at	15.3.2016	16:28:56
